0 info it worked if it ends with ok
1 verbose cli [ 'C:\\Program Files\\nodejs\\node.exe',
1 verbose cli   'C:\\Program Files\\nodejs\\node_modules\\npm\\bin\\npm-cli.js',
1 verbose cli   'run',
1 verbose cli   'start:dev' ]
2 info using npm@3.10.10
3 info using node@v6.11.3
4 verbose run-script [ 'prestart:dev', 'start:dev', 'poststart:dev' ]
5 info lifecycle havenlyProjectI@1.0.0~prestart:dev: havenlyProjectI@1.0.0
6 silly lifecycle havenlyProjectI@1.0.0~prestart:dev: no script for prestart:dev, continuing
7 info lifecycle havenlyProjectI@1.0.0~start:dev: havenlyProjectI@1.0.0
8 verbose lifecycle havenlyProjectI@1.0.0~start:dev: unsafe-perm in lifecycle true
9 verbose lifecycle havenlyProjectI@1.0.0~start:dev: PATH: C:\Program Files\nodejs\node_modules\npm\bin\node-gyp-bin;C:\dev2\projects\tm.com\personalSite\node_modules\.bin;C:\Program Files (x86)\Intel\iCLS Client\;C:\Program Files\Intel\iCLS Client\;C:\Windows\system32;C:\Windows;C:\Windows\System32\Wbem;C:\Windows\System32\WindowsPowerShell\v1.0\;C:\Program Files\Microsoft SQL Server\Client SDK\ODBC\130\Tools\Binn\;C:\Program Files (x86)\Microsoft SQL Server\130\Tools\Binn\;C:\Program Files\Microsoft SQL Server\130\Tools\Binn\;C:\Program Files\Microsoft SQL Server\130\DTS\Binn\;C:\Program Files (x86)\Microsoft SQL Server\Client SDK\ODBC\130\Tools\Binn\;C:\Program Files (x86)\Microsoft SQL Server\140\Tools\Binn\;C:\Program Files (x86)\Microsoft SQL Server\140\DTS\Binn\;C:\Program Files (x86)\Microsoft SQL Server\140\Tools\Binn\ManagementStudio\;C:\Program Files (x86)\Git\cmd;C:\Program Files\dotnet\;C:\Program Files\apache-ant-1.7.1\bin\;C:\Program Files\nodejs\;C:\Program Files (x86)\Microsoft VS Code\bin;C:\Ruby24-x64\bin;C:\Users\tlmason\AppData\Local\Microsoft\WindowsApps;C:\Program Files (x86)\Microsoft VS Code\bin;C:\Users\tlmason\AppData\Local\atom\bin;C:\Users\tlmason\AppData\Roaming\npm
10 verbose lifecycle havenlyProjectI@1.0.0~start:dev: CWD: C:\dev2\projects\tm.com\personalSite
11 silly lifecycle havenlyProjectI@1.0.0~start:dev: Args: [ '/d /s /c',
11 silly lifecycle   'webpack-dev-server --mode development --config webpack.base.config.js --open --hot' ]
12 silly lifecycle havenlyProjectI@1.0.0~start:dev: Returned: code: 3221225786  signal: null
13 info lifecycle havenlyProjectI@1.0.0~start:dev: Failed to exec start:dev script
14 verbose stack Error: havenlyProjectI@1.0.0 start:dev: `webpack-dev-server --mode development --config webpack.base.config.js --open --hot`
14 verbose stack Exit status 3221225786
14 verbose stack     at EventEmitter.<anonymous> (C:\Program Files\nodejs\node_modules\npm\lib\utils\lifecycle.js:255:16)
14 verbose stack     at emitTwo (events.js:106:13)
14 verbose stack     at EventEmitter.emit (events.js:191:7)
14 verbose stack     at ChildProcess.<anonymous> (C:\Program Files\nodejs\node_modules\npm\lib\utils\spawn.js:40:14)
14 verbose stack     at emitTwo (events.js:106:13)
14 verbose stack     at ChildProcess.emit (events.js:191:7)
14 verbose stack     at maybeClose (internal/child_process.js:920:16)
14 verbose stack     at Process.ChildProcess._handle.onexit (internal/child_process.js:230:5)
15 verbose pkgid havenlyProjectI@1.0.0
16 verbose cwd C:\dev2\projects\tm.com\personalSite
17 error Windows_NT 10.0.14393
18 error argv "C:\\Program Files\\nodejs\\node.exe" "C:\\Program Files\\nodejs\\node_modules\\npm\\bin\\npm-cli.js" "run" "start:dev"
19 error node v6.11.3
20 error npm  v3.10.10
21 error code ELIFECYCLE
22 error havenlyProjectI@1.0.0 start:dev: `webpack-dev-server --mode development --config webpack.base.config.js --open --hot`
22 error Exit status 3221225786
23 error Failed at the havenlyProjectI@1.0.0 start:dev script 'webpack-dev-server --mode development --config webpack.base.config.js --open --hot'.
23 error Make sure you have the latest version of node.js and npm installed.
23 error If you do, this is most likely a problem with the havenlyProjectI package,
23 error not with npm itself.
23 error Tell the author that this fails on your system:
23 error     webpack-dev-server --mode development --config webpack.base.config.js --open --hot
23 error You can get information on how to open an issue for this project with:
23 error     npm bugs havenlyProjectI
23 error Or if that isn't available, you can get their info via:
23 error     npm owner ls havenlyProjectI
23 error There is likely additional logging output above.
24 verbose exit [ 1, true ]
